d:\documents\visual studio 2013\projects\newquant\matrixcomputation\debug\vc120.pdb
d:\documents\visual studio 2013\projects\newquant\matrixcomputation\debug\vc120.idb
d:\documents\visual studio 2013\projects\newquant\matrixcomputation\debug\lowertriangularmatrix.obj
d:\documents\visual studio 2013\projects\newquant\matrixcomputation\debug\lowertriangularsolver.obj
d:\documents\visual studio 2013\projects\newquant\matrixcomputation\debug\lusolver.obj
d:\documents\visual studio 2013\projects\newquant\matrixcomputation\debug\lusolvercompletepivot.obj
d:\documents\visual studio 2013\projects\newquant\matrixcomputation\debug\lusolvernopivot.obj
d:\documents\visual studio 2013\projects\newquant\matrixcomputation\debug\lusolverpartialpivot.obj
d:\documents\visual studio 2013\projects\newquant\matrixcomputation\debug\matrix.obj
d:\documents\visual studio 2013\projects\newquant\matrixcomputation\debug\matrixexpression.obj
d:\documents\visual studio 2013\projects\newquant\matrixcomputation\debug\matrixindex.obj
d:\documents\visual studio 2013\projects\newquant\matrixcomputation\debug\rowvector.obj
d:\documents\visual studio 2013\projects\newquant\matrixcomputation\debug\simplesolver.obj
d:\documents\visual studio 2013\projects\newquant\matrixcomputation\debug\squarematrix.obj
d:\documents\visual studio 2013\projects\newquant\matrixcomputation\debug\symmetricbandmatrix.obj
d:\documents\visual studio 2013\projects\newquant\matrixcomputation\debug\symmetricmatrix.obj
d:\documents\visual studio 2013\projects\newquant\matrixcomputation\debug\tridiagonalmatrix.obj
d:\documents\visual studio 2013\projects\newquant\matrixcomputation\debug\upperbandmatrix.obj
d:\documents\visual studio 2013\projects\newquant\matrixcomputation\debug\upperbandsolver.obj
d:\documents\visual studio 2013\projects\newquant\matrixcomputation\debug\uppertriangularmatrix.obj
d:\documents\visual studio 2013\projects\newquant\matrixcomputation\debug\uppertriangularsolver.obj
d:\documents\visual studio 2013\projects\newquant\matrixcomputation\debug\_main.obj
d:\documents\visual studio 2013\projects\newquant\matrixcomputation\debug\bandcholeskysolver.obj
d:\documents\visual studio 2013\projects\newquant\matrixcomputation\debug\bandlusolver.obj
d:\documents\visual studio 2013\projects\newquant\matrixcomputation\debug\bandlusolvernopivot.obj
d:\documents\visual studio 2013\projects\newquant\matrixcomputation\debug\bandlusolverpartialpivot.obj
d:\documents\visual studio 2013\projects\newquant\matrixcomputation\debug\bandmatrix.obj
d:\documents\visual studio 2013\projects\newquant\matrixcomputation\debug\choleskysolver.obj
d:\documents\visual studio 2013\projects\newquant\matrixcomputation\debug\columnvector.obj
d:\documents\visual studio 2013\projects\newquant\matrixcomputation\debug\constantmatrix.obj
d:\documents\visual studio 2013\projects\newquant\matrixcomputation\debug\constantsolver.obj
d:\documents\visual studio 2013\projects\newquant\matrixcomputation\debug\diagonalmatrix.obj
d:\documents\visual studio 2013\projects\newquant\matrixcomputation\debug\diagonalsolver.obj
d:\documents\visual studio 2013\projects\newquant\matrixcomputation\debug\generalmatrix.obj
d:\documents\visual studio 2013\projects\newquant\matrixcomputation\debug\identitymatrix.obj
d:\documents\visual studio 2013\projects\newquant\matrixcomputation\debug\identitysolver.obj
d:\documents\visual studio 2013\projects\newquant\matrixcomputation\debug\logandsign.obj
d:\documents\visual studio 2013\projects\newquant\matrixcomputation\debug\lowerbandmatrix.obj
d:\documents\visual studio 2013\projects\newquant\matrixcomputation\debug\lowerbandsolver.obj
d:\documents\visual studio 2013\projects\newquant\debug\matrixcomputation.ilk
d:\documents\visual studio 2013\projects\newquant\debug\matrixcomputation.exe
d:\documents\visual studio 2013\projects\newquant\debug\matrixcomputation.pdb
d:\documents\visual studio 2013\projects\newquant\matrixcomputation\debug\matrixco.b634e4b6.tlog\cl.read.1.tlog
d:\documents\visual studio 2013\projects\newquant\matrixcomputation\debug\matrixco.b634e4b6.tlog\cl.write.1.tlog
d:\documents\visual studio 2013\projects\newquant\matrixcomputation\debug\matrixco.b634e4b6.tlog\cl.command.1.tlog
d:\documents\visual studio 2013\projects\newquant\matrixcomputation\debug\matrixco.b634e4b6.tlog\link.read.1.tlog
d:\documents\visual studio 2013\projects\newquant\matrixcomputation\debug\matrixco.b634e4b6.tlog\link.write.1.tlog
d:\documents\visual studio 2013\projects\newquant\matrixcomputation\debug\matrixco.b634e4b6.tlog\link.command.1.tlog
